  test.c
G:\code\vstudio\bit\class9\test.c(17,9): warning C4477: “printf”: 格式字符串“%d”需要类型“int”的参数，但可变参数 1 拥有了类型“size_t”
  G:\code\vstudio\bit\class9\test.c(17,9):
  请考虑在格式字符串中使用“%zd”
  
G:\code\vstudio\bit\class9\test.c(18,9): warning C4477: “printf”: 格式字符串“%d”需要类型“int”的参数，但可变参数 1 拥有了类型“size_t”
  G:\code\vstudio\bit\class9\test.c(18,9):
  请考虑在格式字符串中使用“%zd”
  
G:\code\vstudio\bit\class9\test.c(19,9): warning C4477: “printf”: 格式字符串“%d”需要类型“int”的参数，但可变参数 1 拥有了类型“size_t”
  G:\code\vstudio\bit\class9\test.c(19,9):
  请考虑在格式字符串中使用“%zd”
  
G:\code\vstudio\bit\class9\test.c(20,9): warning C4477: “printf”: 格式字符串“%d”需要类型“int”的参数，但可变参数 1 拥有了类型“size_t”
  G:\code\vstudio\bit\class9\test.c(20,9):
  请考虑在格式字符串中使用“%zd”
  
G:\code\vstudio\bit\class9\test.c(21,9): warning C4477: “printf”: 格式字符串“%d”需要类型“int”的参数，但可变参数 1 拥有了类型“size_t”
  G:\code\vstudio\bit\class9\test.c(21,9):
  请考虑在格式字符串中使用“%zd”
  
G:\code\vstudio\bit\class9\test.c(22,9): warning C4477: “printf”: 格式字符串“%d”需要类型“int”的参数，但可变参数 1 拥有了类型“size_t”
  G:\code\vstudio\bit\class9\test.c(22,9):
  请考虑在格式字符串中使用“%zd”
  
G:\code\vstudio\bit\class9\test.c(23,9): warning C4477: “printf”: 格式字符串“%d”需要类型“int”的参数，但可变参数 1 拥有了类型“size_t”
  G:\code\vstudio\bit\class9\test.c(23,9):
  请考虑在格式字符串中使用“%zd”
  
G:\code\vstudio\bit\class9\test.c(24,9): warning C4477: “printf”: 格式字符串“%d”需要类型“int”的参数，但可变参数 1 拥有了类型“size_t”
  G:\code\vstudio\bit\class9\test.c(24,9):
  请考虑在格式字符串中使用“%zd”
  
G:\code\vstudio\bit\class9\test.c(25,9): warning C4477: “printf”: 格式字符串“%d”需要类型“int”的参数，但可变参数 1 拥有了类型“size_t”
  G:\code\vstudio\bit\class9\test.c(25,9):
  请考虑在格式字符串中使用“%zd”
  
  class9.vcxproj -> G:\code\vstudio\bit\class9\x64\Debug\class9.exe
